<?xml version="1.0" encoding="UTF-8"?>
<testsuite xmlns:xsi="http://www.w3.org/2001/XMLSchema-instance" xsi:noNamespaceSchemaLocation="https://maven.apache.org/surefire/maven-surefire-plugin/xsd/surefire-test-report.xsd" version="3.0.2" name="biorritmo.BiorhythmTest" time="0.624" tests="4" errors="0" skipped="0" failures="0">
  <properties>
[...]
</properties>
  <testcase name="los siete aspectos conservan periodos colores y grupos de Ruby" classname="biorritmo.BiorhythmTest" time="0.278"/>
  <testcase name="todos los ciclos comienzan en cero el día del nacimiento" classname="biorritmo.BiorhythmTest" time="0.058"/>
  <testcase name="el cálculo produce el mismo rango de 31 días que Ruby" classname="biorritmo.BiorhythmTest" time="0.102"/>
  <testcase name="las etiquetas de fase respetan los umbrales de Ruby" classname="biorritmo.BiorhythmTest" time="0.004"/>
</testsuite>